<?xml version="1.0" encoding="UTF-8"?>
<!-- Generated by org.testng.reporters.JUnitReportReporter -->
<testsuite hostname="IN-SMAHESHWARI" name="com.qa.test.TC01_loginApp" tests="4" failures="0" timestamp="23 Dec 2018 07:05:03 GMT" time="44.162" errors="0">
  <testcase name="LoginApp" time="19.794" classname="com.qa.test.TC01_loginApp"/>
  <testcase name="SearchFlight" time="10.840" classname="com.qa.test.TC01_loginApp"/>
  <testcase name="SearchFlight" time="10.829" classname="com.qa.test.TC01_loginApp"/>
  <testcase name="LogOut" time="2.699" classname="com.qa.test.TC01_loginApp"/>
</testsuite> <!-- com.qa.test.TC01_loginApp -->
