<?xml version="1.0" encoding="UTF-8"?>
<!-- Generated by org.testng.reporters.JUnitReportReporter -->
<testsuite hostname="IN-SMAHESHWARI" name="com.qa.runner.TestRunner" tests="1" failures="0" timestamp="23 Dec 2018 13:41:49 GMT" time="48.503" errors="0">
  <testcase name="feature" time="48.503" classname="com.qa.runner.TestRunner"/>
</testsuite> <!-- com.qa.runner.TestRunner -->
